0 info it worked if it ends with ok
1 verbose cli [ 'node',
1 verbose cli   '/usr/local/bin/npm',
1 verbose cli   'install',
1 verbose cli   'echo',
1 verbose cli   'node_modules/\\nbower_components/' ]
2 info using npm@2.5.0
3 info using node@v0.10.35
4 silly cache add args [ 'echo', null ]
5 verbose cache add spec echo
6 silly cache add args [ 'node_modules/\\nbower_components/', null ]
7 verbose cache add spec node_modules/\nbower_components/
8 silly cache add parsed spec { raw: 'echo',
8 silly cache add   scope: null,
8 silly cache add   name: 'echo',
8 silly cache add   rawSpec: '',
8 silly cache add   spec: '*',
8 silly cache add   type: 'range' }
9 verbose addNamed echo@*
10 silly addNamed semver.valid null
11 silly addNamed semver.validRange *
12 silly addNameRange { name: 'echo', range: '*', hasData: false }
13 silly mapToRegistry name echo
14 silly mapToRegistry using default registry
15 silly mapToRegistry registry https://registry.npmjs.org/
16 silly mapToRegistry uri https://registry.npmjs.org/echo
17 verbose addNameRange registry:https://registry.npmjs.org/echo not in flight; fetching
18 silly cache add parsed spec { raw: 'node_modules/\\nbower_components/',
18 silly cache add   scope: null,
18 silly cache add   name: null,
18 silly cache add   rawSpec: 'node_modules/\\nbower_components/',
18 silly cache add   spec: '/Users/marloncasagranda/Development/ContaAzul/node_modules/\\nbower_components',
18 silly cache add   type: 'local' }
19 verbose request uri https://registry.npmjs.org/echo
20 verbose request no auth needed
21 info attempt registry request try #1 at 00:37:47
22 verbose request id 204002620a738167
23 http request GET https://registry.npmjs.org/echo
24 error addLocal Could not install /Users/marloncasagranda/Development/ContaAzul/node_modules/\nbower_components
25 http 200 https://registry.npmjs.org/echo
26 silly get cb [ 200,
26 silly get   { server: 'CouchDB/1.5.0 (Erlang OTP/R16B03)',
26 silly get     etag: '"B6UUB6GKVA2WDTWAVNFS3RLAQ"',
26 silly get     'content-type': 'application/json',
26 silly get     'cache-control': 'max-age=60',
26 silly get     'content-length': '5430',
26 silly get     'accept-ranges': 'bytes',
26 silly get     date: 'Sun, 09 Aug 2015 04:37:49 GMT',
26 silly get     via: '1.1 varnish',
26 silly get     age: '0',
26 silly get     connection: 'keep-alive',
26 silly get     'x-served-by': 'cache-dfw1832-DFW',
26 silly get     'x-cache': 'MISS',
26 silly get     'x-cache-hits': '0',
26 silly get     'x-timer': 'S1439095068.853709,VS0,VE274',
26 silly get     vary: 'Accept' } ]
27 verbose get saving echo to /Users/marloncasagranda/.npm/registry.npmjs.org/echo/.cache.json
28 silly addNameRange number 2 { name: 'echo', range: '*', hasData: true }
29 silly addNameRange versions [ 'echo',
29 silly addNameRange   [ '0.1.0',
29 silly addNameRange     '0.1.2',
29 silly addNameRange     '0.1.3',
29 silly addNameRange     '0.1.4',
29 silly addNameRange     '0.1.5',
29 silly addNameRange     '0.1.6',
29 silly addNameRange     '0.1.7',
29 silly addNameRange     '0.1.8',
29 silly addNameRange     '0.1.9' ] ]
30 verbose addNamed echo@0.1.9
31 silly addNamed semver.valid 0.1.9
32 silly addNamed semver.validRange 0.1.9
33 silly mapToRegistry name echo
34 silly mapToRegistry using default registry
35 silly mapToRegistry registry https://registry.npmjs.org/
36 silly mapToRegistry uri https://registry.npmjs.org/echo
37 verbose addRemoteTarball https://registry.npmjs.org/echo/-/echo-0.1.9.tgz not in flight; adding
38 verbose addRemoteTarball [ 'https://registry.npmjs.org/echo/-/echo-0.1.9.tgz',
38 verbose addRemoteTarball   '4a86e7b7e447a8b1980c4c3d461874fc5dad4725' ]
39 info retry fetch attempt 1 at 00:37:49
40 info attempt registry request try #1 at 00:37:49
41 http fetch GET https://registry.npmjs.org/echo/-/echo-0.1.9.tgz
42 http fetch 200 https://registry.npmjs.org/echo/-/echo-0.1.9.tgz
43 silly fetchAndShaCheck shasum 4a86e7b7e447a8b1980c4c3d461874fc5dad4725
44 verbose addTmpTarball /var/folders/qp/kc4c557d2099p37mhs1k6s380000gn/T/npm-2604-0531cea8/registry.npmjs.org/echo/-/echo-0.1.9.tgz not in flight; adding
45 verbose addTmpTarball already have metadata; skipping unpack for echo@0.1.9
46 silly cache afterAdd echo@0.1.9
47 verbose afterAdd /Users/marloncasagranda/.npm/echo/0.1.9/package/package.json not in flight; writing
48 verbose afterAdd /Users/marloncasagranda/.npm/echo/0.1.9/package/package.json written
49 verbose stack Error: ENOENT, open '/Users/marloncasagranda/Development/ContaAzul/node_modules/\nbower_components'
50 verbose cwd /Users/marloncasagranda/Development/ContaAzul
51 error Darwin 13.4.0
52 error argv "node" "/usr/local/bin/npm" "install" "echo" "node_modules/\\nbower_components/"
53 error node v0.10.35
54 error npm  v2.5.0
55 error path /Users/marloncasagranda/Development/ContaAzul/node_modules/\nbower_components
56 error code ENOENT
57 error errno 34
58 error enoent ENOENT, open '/Users/marloncasagranda/Development/ContaAzul/node_modules/\nbower_components'
58 error enoent This is most likely not a problem with npm itself
58 error enoent and is related to npm not being able to find a file.
59 verbose exit [ 34, true ]
